Iniciando o MongoDB...
Failed to start mongod.service: Interactive authentication required.
See system logs and 'systemctl status mongod.service' for details.
Verificando o status do MongoDB...
Iniciando o backend...
Iniciando o frontend...
Todos os serviços foram iniciados com sucesso.
Iniciando o MongoDB...
Failed to start mongod.service: Interactive authentication required.
See system logs and 'systemctl status mongod.service' for details.
Verificando o status do MongoDB...
Iniciando o backend...
Iniciando o frontend...
Todos os serviços foram iniciados com sucesso.
Iniciando o MongoDB...
Verificando o status do MongoDB...
Iniciando o backend...
Iniciando o frontend...
Todos os serviços foram iniciados com sucesso.
Iniciando o MongoDB...
Verificando o status do MongoDB...
Iniciando o backend...
Iniciando o frontend...
Todos os serviços foram iniciados com sucesso.
Iniciando o MongoDB...
Failed to start mongod.service: Interactive authentication required.
See system logs and 'systemctl status mongod.service' for details.
Verificando o status do MongoDB...
Iniciando o backend...
Iniciando o frontend...
Iniciando o MongoDB...
Todos os serviços foram iniciados com sucesso.
Verificando o status do MongoDB...
Iniciando o backend...
Iniciando o frontend...
Todos os serviços foram iniciados com sucesso.
Iniciando o MongoDB...
Failed to start mongod.service: Interactive authentication required.
See system logs and 'systemctl status mongod.service' for details.
Verificando o status do MongoDB...
Iniciando o backend...
Iniciando o frontend...
Todos os serviços foram iniciados com sucesso.
Iniciando o MongoDB...
Verificando o status do MongoDB...
Iniciando o backend...
Iniciando o frontend...
Todos os serviços foram iniciados com sucesso.
Iniciando o MongoDB...
Failed to start mongod.service: Interactive authentication required.
See system logs and 'systemctl status mongod.service' for details.
Verificando o status do MongoDB...
Iniciando o backend...
Iniciando o frontend...
Todos os serviços foram iniciados com sucesso.
Iniciando o MongoDB...
Verificando o status do MongoDB...
Iniciando o backend...
Iniciando o frontend...
Todos os serviços foram iniciados com sucesso.
Iniciando o MongoDB...
Failed to start mongod.service: Interactive authentication required.
See system logs and 'systemctl status mongod.service' for details.
Verificando o status do MongoDB...
Iniciando o backend...
Iniciando o frontend...
Todos os serviços foram iniciados com sucesso.
Iniciando o MongoDB...
Verificando o status do MongoDB...
Iniciando o backend...
Iniciando o frontend...
Todos os serviços foram iniciados com sucesso.
Iniciando o MongoDB...
Failed to start mongod.service: Interactive authentication required.
See system logs and 'systemctl status mongod.service' for details.
Verificando o status do MongoDB...
Iniciando o backend...
Iniciando o frontend...
Todos os serviços foram iniciados com sucesso.
Iniciando o MongoDB...
Verificando o status do MongoDB...
Iniciando o backend...
Iniciando o frontend...
Todos os serviços foram iniciados com sucesso.
Iniciando o MongoDB...
Failed to start mongod.service: Interactive authentication required.
See system logs and 'systemctl status mongod.service' for details.
Verificando o status do MongoDB...
Iniciando o backend...
Iniciando o frontend...
Todos os serviços foram iniciados com sucesso.
Iniciando o MongoDB...
Verificando o status do MongoDB...
Iniciando o backend...
Iniciando o frontend...
Todos os serviços foram iniciados com sucesso.
Iniciando o MongoDB...
Verificando o status do MongoDB...
Iniciando o backend...
Iniciando o frontend...
Todos os serviços foram iniciados com sucesso.
Iniciando o MongoDB...
Verificando o status do MongoDB...
Iniciando o backend...
Iniciando o frontend...
Todos os serviços foram iniciados com sucesso.
Iniciando o MongoDB...
Verificando o status do MongoDB...
Iniciando o backend...
Iniciando o frontend...
Todos os serviços foram iniciados com sucesso.
Iniciando o MongoDB...
Verificando o status do MongoDB...
Iniciando o backend...
Iniciando o frontend...
Todos os serviços foram iniciados com sucesso.
Iniciando o MongoDB...
Verificando o status do MongoDB...
Iniciando o backend...
Iniciando o frontend...
Todos os serviços foram iniciados com sucesso.
Iniciando o MongoDB...
Verificando o status do MongoDB...
Iniciando o backend...
Iniciando o frontend...
Todos os serviços foram iniciados com sucesso.
Iniciando o MongoDB...
Failed to start mongod.service: Interactive authentication required.
See system logs and 'systemctl status mongod.service' for details.
Verificando o status do MongoDB...
Iniciando o backend...
Iniciando o frontend...
Todos os serviços foram iniciados com sucesso.
Iniciando o MongoDB...
Verificando o status do MongoDB...
Iniciando o backend...
Iniciando o frontend...
Todos os serviços foram iniciados com sucesso.
Iniciando o MongoDB...
Failed to start mongod.service: Interactive authentication required.
See system logs and 'systemctl status mongod.service' for details.
Verificando o status do MongoDB...
Iniciando o backend...
Iniciando o frontend...
Todos os serviços foram iniciados com sucesso.
Iniciando o MongoDB...
Verificando o status do MongoDB...
Iniciando o backend...
Iniciando o frontend...
Todos os serviços foram iniciados com sucesso.
Iniciando o MongoDB...
Failed to start mongod.service: Interactive authentication required.
See system logs and 'systemctl status mongod.service' for details.
Verificando o status do MongoDB...
Iniciando o backend...
Iniciando o frontend...
Todos os serviços foram iniciados com sucesso.
Iniciando o MongoDB...
Verificando o status do MongoDB...
Iniciando o backend...
Iniciando o frontend...
Todos os serviços foram iniciados com sucesso.
Iniciando o MongoDB...
Failed to start mongod.service: Interactive authentication required.
See system logs and 'systemctl status mongod.service' for details.
Verificando o status do MongoDB...
Iniciando o backend...
Iniciando o frontend...
Iniciando o MongoDB...
Verificando o status do MongoDB...
Iniciando o backend...
Todos os serviços foram iniciados com sucesso.
Iniciando o frontend...
Todos os serviços foram iniciados com sucesso.
Iniciando o MongoDB...
Failed to start mongod.service: Interactive authentication required.
See system logs and 'systemctl status mongod.service' for details.
Verificando o status do MongoDB...
Iniciando o backend...
Iniciando o frontend...
Todos os serviços foram iniciados com sucesso.
Iniciando o MongoDB...
Failed to start mongod.service: Interactive authentication required.
See system logs and 'systemctl status mongod.service' for details.
Verificando o status do MongoDB...
Iniciando o backend...
Iniciando o frontend...
Todos os serviços foram iniciados com sucesso.
Iniciando o MongoDB...
Failed to start mongod.service: Interactive authentication required.
See system logs and 'systemctl status mongod.service' for details.
Verificando o status do MongoDB...
Iniciando o backend...
Iniciando o frontend...
Todos os serviços foram iniciados com sucesso.
Iniciando o MongoDB...
Failed to start mongod.service: Interactive authentication required.
See system logs and 'systemctl status mongod.service' for details.
Verificando o status do MongoDB...
Iniciando o backend...
Iniciando o frontend...
Todos os serviços foram iniciados com sucesso.
Iniciando o MongoDB...
Failed to start mongod.service: Interactive authentication required.
See system logs and 'systemctl status mongod.service' for details.
Verificando o status do MongoDB...
Iniciando o backend...
Iniciando o frontend...
Todos os serviços foram iniciados com sucesso.
Iniciando o MongoDB...
Failed to start mongod.service: Interactive authentication required.
See system logs and 'systemctl status mongod.service' for details.
Verificando o status do MongoDB...
Iniciando o backend...
Iniciando o frontend...
Todos os serviços foram iniciados com sucesso.
Iniciando o MongoDB...
Failed to start mongod.service: Interactive authentication required.
See system logs and 'systemctl status mongod.service' for details.
Verificando o status do MongoDB...
Iniciando o backend...
Iniciando o frontend...
Todos os serviços foram iniciados com sucesso.
Iniciando o MongoDB...
Failed to start mongod.service: Interactive authentication required.
See system logs and 'systemctl status mongod.service' for details.
Verificando o status do MongoDB...
Iniciando o backend...
Iniciando o frontend...
Todos os serviços foram iniciados com sucesso.
Iniciando o MongoDB...
Failed to start mongod.service: Interactive authentication required.
See system logs and 'systemctl status mongod.service' for details.
Verificando o status do MongoDB...
Iniciando o backend...
Iniciando o frontend...
Todos os serviços foram iniciados com sucesso.
Iniciando o MongoDB...
Failed to start mongod.service: Interactive authentication required.
See system logs and 'systemctl status mongod.service' for details.
Verificando o status do MongoDB...
Iniciando o backend...
Iniciando o frontend...
Todos os serviços foram iniciados com sucesso.
Iniciando o MongoDB...
Failed to start mongod.service: Interactive authentication required.
See system logs and 'systemctl status mongod.service' for details.
Verificando o status do MongoDB...
Iniciando o backend...
Iniciando o frontend...
Todos os serviços foram iniciados com sucesso.
Iniciando o MongoDB...
Failed to start mongod.service: Interactive authentication required.
See system logs and 'systemctl status mongod.service' for details.
Verificando o status do MongoDB...
Iniciando o backend...
Iniciando o frontend...
Todos os serviços foram iniciados com sucesso.
Iniciando o MongoDB...
Failed to start mongod.service: Interactive authentication required.
See system logs and 'systemctl status mongod.service' for details.
Verificando o status do MongoDB...
Iniciando o backend...
Iniciando o frontend...
Todos os serviços foram iniciados com sucesso.
Iniciando o MongoDB...
Failed to start mongod.service: Interactive authentication required.
See system logs and 'systemctl status mongod.service' for details.
Verificando o status do MongoDB...
Iniciando o backend...
Iniciando o frontend...
Todos os serviços foram iniciados com sucesso.
Iniciando o MongoDB...
Failed to start mongod.service: Interactive authentication required.
See system logs and 'systemctl status mongod.service' for details.
Verificando o status do MongoDB...
Iniciando o backend...
Iniciando o frontend...
Todos os serviços foram iniciados com sucesso.
Iniciando o MongoDB...
Failed to start mongod.service: Interactive authentication required.
See system logs and 'systemctl status mongod.service' for details.
Verificando o status do MongoDB...
Iniciando o backend...
Iniciando o frontend...
Todos os serviços foram iniciados com sucesso.
Iniciando o MongoDB...
Failed to start mongod.service: Interactive authentication required.
See system logs and 'systemctl status mongod.service' for details.
Verificando o status do MongoDB...
Iniciando o backend...
Iniciando o frontend...
Todos os serviços foram iniciados com sucesso.
Iniciando o MongoDB...
Failed to start mongod.service: Interactive authentication required.
See system logs and 'systemctl status mongod.service' for details.
Verificando o status do MongoDB...
Iniciando o backend...
Iniciando o frontend...
Todos os serviços foram iniciados com sucesso.
Iniciando o MongoDB...
Failed to start mongod.service: Interactive authentication required.
See system logs and 'systemctl status mongod.service' for details.
Verificando o status do MongoDB...
Iniciando o backend...
Iniciando o frontend...
Todos os serviços foram iniciados com sucesso.
Iniciando o MongoDB...
Failed to start mongod.service: Interactive authentication required.
See system logs and 'systemctl status mongod.service' for details.
Verificando o status do MongoDB...
Iniciando o backend...
Iniciando o frontend...
Todos os serviços foram iniciados com sucesso.
Iniciando o MongoDB...
Verificando o status do MongoDB...
Iniciando o backend...
Iniciando o frontend...
Todos os serviços foram iniciados com sucesso.
Iniciando o MongoDB...
Failed to start mongod.service: Interactive authentication required.
See system logs and 'systemctl status mongod.service' for details.
Verificando o status do MongoDB...
Iniciando o backend...
Iniciando o frontend...
Todos os serviços foram iniciados com sucesso.
Iniciando o MongoDB...
Failed to start mongod.service: Interactive authentication required.
See system logs and 'systemctl status mongod.service' for details.
Verificando o status do MongoDB...
Iniciando o backend...
Iniciando o frontend...
Todos os serviços foram iniciados com sucesso.
